[2025-12-14 22:41:22] Error [2]: Undefined variable $base_url in /Applications/XAMPP/xamppfiles/htdocs/apps/website/tugas/sistem_penerimaan_blt/views/informasi/tentang-kami.php on line 73
[2025-12-14 22:42:27] Error [2]: Undefined variable $base_url in /Applications/XAMPP/xamppfiles/htdocs/apps/website/tugas/sistem_penerimaan_blt/views/informasi/tentang-kami.php on line 73
[2025-12-14 22:42:36] Error [2]: Undefined variable $base_url in /Applications/XAMPP/xamppfiles/htdocs/apps/website/tugas/sistem_penerimaan_blt/views/informasi/tentang-kami.php on line 73
[2025-12-14 22:56:07] Error [2]: Undefined variable $base_url in /Applications/XAMPP/xamppfiles/htdocs/apps/website/tugas/sistem_penerimaan_blt/views/informasi/tentang-kami.php on line 71
[2025-12-14 22:57:43] Error [2]: Undefined variable $base_url in /Applications/XAMPP/xamppfiles/htdocs/apps/website/tugas/sistem_penerimaan_blt/views/informasi/tentang-kami.php on line 71
[2025-12-14 23:04:37] Error [2]: Undefined variable $base_url in /Applications/XAMPP/xamppfiles/htdocs/apps/website/tugas/sistem_penerimaan_blt/views/informasi/tentang-kami.php on line 47
[2025-12-14 23:04:39] Error [2]: Undefined variable $base_url in /Applications/XAMPP/xamppfiles/htdocs/apps/website/tugas/sistem_penerimaan_blt/views/informasi/tentang-kami.php on line 47
[2025-12-14 23:07:24] Error [2]: Undefined array key "id_role" in /Applications/XAMPP/xamppfiles/htdocs/apps/website/tugas/sistem_penerimaan_blt/views/informasi/tentang-kami.php on line 64
[2025-12-14 23:07:24] Error [2]: Undefined array key "role" in /Applications/XAMPP/xamppfiles/htdocs/apps/website/tugas/sistem_penerimaan_blt/views/informasi/tentang-kami.php on line 65
[2025-12-14 23:07:33] Error [2]: Undefined array key "id_role" in /Applications/XAMPP/xamppfiles/htdocs/apps/website/tugas/sistem_penerimaan_blt/views/informasi/tentang-kami.php on line 64
[2025-12-14 23:07:33] Error [2]: Undefined array key "role" in /Applications/XAMPP/xamppfiles/htdocs/apps/website/tugas/sistem_penerimaan_blt/views/informasi/tentang-kami.php on line 65
[2025-12-14 23:10:43] Error [2]: Undefined array key "" in /Applications/XAMPP/xamppfiles/htdocs/apps/website/tugas/sistem_penerimaan_blt/views/informasi/edit-tentang-kami.php on line 23
[2025-12-14 23:12:13] Error [2]: Undefined array key "" in /Applications/XAMPP/xamppfiles/htdocs/apps/website/tugas/sistem_penerimaan_blt/views/informasi/edit-tentang-kami.php on line 23
[2025-12-15 05:25:46] Error [2]: Undefined variable $views_kriteria in /Applications/XAMPP/xamppfiles/htdocs/apps/website/tugas/sistem_penerimaan_blt/views/metode-saw/data-alternatif.php on line 65
[2025-12-15 05:25:46] Error [2]: foreach() argument must be of type array|object, null given in /Applications/XAMPP/xamppfiles/htdocs/apps/website/tugas/sistem_penerimaan_blt/views/metode-saw/data-alternatif.php on line 65
[2025-12-15 05:31:38] Error [2]: Undefined variable $views_kriteria in /Applications/XAMPP/xamppfiles/htdocs/apps/website/tugas/sistem_penerimaan_blt/views/metode-saw/data-alternatif.php on line 65
[2025-12-15 05:31:38] Error [2]: foreach() argument must be of type array|object, null given in /Applications/XAMPP/xamppfiles/htdocs/apps/website/tugas/sistem_penerimaan_blt/views/metode-saw/data-alternatif.php on line 65
[2025-12-15 05:32:34] Error [2]: Undefined variable $views_kriteria in /Applications/XAMPP/xamppfiles/htdocs/apps/website/tugas/sistem_penerimaan_blt/views/metode-saw/data-alternatif.php on line 65
[2025-12-15 05:32:34] Error [2]: foreach() argument must be of type array|object, null given in /Applications/XAMPP/xamppfiles/htdocs/apps/website/tugas/sistem_penerimaan_blt/views/metode-saw/data-alternatif.php on line 65
[2025-12-15 05:34:24] Error [2]: Undefined variable $views_kriteria in /Applications/XAMPP/xamppfiles/htdocs/apps/website/tugas/sistem_penerimaan_blt/views/metode-saw/data-alternatif.php on line 65
[2025-12-15 05:34:24] Error [2]: foreach() argument must be of type array|object, null given in /Applications/XAMPP/xamppfiles/htdocs/apps/website/tugas/sistem_penerimaan_blt/views/metode-saw/data-alternatif.php on line 65
[2025-12-15 06:13:51] Error [2]: Undefined array key "id_alternatif" in /Applications/XAMPP/xamppfiles/htdocs/apps/website/tugas/sistem_penerimaan_blt/controller/Functions.php on line 1494
